{"/Users/carolina/Documents/Personal/learning/udemy/reactNative/calculadora/App.tsx": {"path":"/Users/carolina/Documents/Personal/learning/udemy/reactNative/calculadora/App.tsx","statementMap":{"0":{"start":{"line":6,"column":12},"end":{"line":13,"column":1}},"1":{"start":{"line":7,"column":2},"end":{"line":12,"column":4}}},"fnMap":{"0":{"name":"(anonymous_0)","decl":{"start":{"line":6,"column":12},"end":{"line":6,"column":13}},"loc":{"start":{"line":6,"column":18},"end":{"line":13,"column":1}},"line":6}},"branchMap":{},"s":{"0":1,"1":1},"f":{"0":1},"b":{},"_coverageSchema":"1a1c01bbd47fc00a2c39e90264f33305004495a9","hash":"5379c176eee32c5cc1cb9ab63aa503164a0ad5fc"}
,"/Users/carolina/Documents/Personal/learning/udemy/reactNative/calculadora/src/components/BotonCalc.tsx": {"path":"/Users/carolina/Documents/Personal/learning/udemy/reactNative/calculadora/src/components/BotonCalc.tsx","statementMap":{"0":{"start":{"line":12,"column":25},"end":{"line":36,"column":1}},"1":{"start":{"line":18,"column":2},"end":{"line":35,"column":4}},"2":{"start":{"line":19,"column":37},"end":{"line":19,"column":50}}},"fnMap":{"0":{"name":"(anonymous_0)","decl":{"start":{"line":12,"column":25},"end":{"line":12,"column":26}},"loc":{"start":{"line":17,"column":13},"end":{"line":36,"column":1}},"line":17},"1":{"name":"(anonymous_1)","decl":{"start":{"line":19,"column":31},"end":{"line":19,"column":32}},"loc":{"start":{"line":19,"column":37},"end":{"line":19,"column":50}},"line":19}},"branchMap":{"0":{"loc":{"start":{"line":14,"column":2},"end":{"line":14,"column":19}},"type":"default-arg","locations":[{"start":{"line":14,"column":10},"end":{"line":14,"column":19}}],"line":14},"1":{"loc":{"start":{"line":15,"column":2},"end":{"line":15,"column":15}},"type":"default-arg","locations":[{"start":{"line":15,"column":10},"end":{"line":15,"column":15}}],"line":15},"2":{"loc":{"start":{"line":24,"column":17},"end":{"line":24,"column":33}},"type":"cond-expr","locations":[{"start":{"line":24,"column":25},"end":{"line":24,"column":28}},{"start":{"line":24,"column":31},"end":{"line":24,"column":33}}],"line":24},"3":{"loc":{"start":{"line":29,"column":19},"end":{"line":29,"column":58}},"type":"cond-expr","locations":[{"start":{"line":29,"column":41},"end":{"line":29,"column":48}},{"start":{"line":29,"column":51},"end":{"line":29,"column":58}}],"line":29}},"s":{"0":1,"1":19,"2":0},"f":{"0":19,"1":0},"b":{"0":[11],"1":[18],"2":[1,18],"3":[3,16]},"_coverageSchema":"1a1c01bbd47fc00a2c39e90264f33305004495a9","hash":"df445b7d451992b6bba80453ec5957d60bac2877"}
,"/Users/carolina/Documents/Personal/learning/udemy/reactNative/calculadora/src/hooks/useCalculadora.tsx": {"path":"/Users/carolina/Documents/Personal/learning/udemy/reactNative/calculadora/src/hooks/useCalculadora.tsx","statementMap":{"0":{"start":{"line":10,"column":30},"end":{"line":134,"column":1}},"1":{"start":{"line":11,"column":46},"end":{"line":11,"column":59}},"2":{"start":{"line":12,"column":30},"end":{"line":12,"column":43}},"3":{"start":{"line":13,"column":26},"end":{"line":13,"column":46}},"4":{"start":{"line":15,"column":18},"end":{"line":18,"column":3}},"5":{"start":{"line":16,"column":4},"end":{"line":16,"column":19}},"6":{"start":{"line":17,"column":4},"end":{"line":17,"column":27}},"7":{"start":{"line":20,"column":22},"end":{"line":46,"column":3}},"8":{"start":{"line":21,"column":4},"end":{"line":23,"column":5}},"9":{"start":{"line":22,"column":6},"end":{"line":22,"column":13}},"10":{"start":{"line":24,"column":4},"end":{"line":45,"column":5}},"11":{"start":{"line":26,"column":6},"end":{"line":42,"column":7}},"12":{"start":{"line":27,"column":8},"end":{"line":27,"column":40}},"13":{"start":{"line":30,"column":13},"end":{"line":42,"column":7}},"14":{"start":{"line":31,"column":8},"end":{"line":31,"column":40}},"15":{"start":{"line":34,"column":13},"end":{"line":42,"column":7}},"16":{"start":{"line":35,"column":8},"end":{"line":35,"column":31}},"17":{"start":{"line":38,"column":13},"end":{"line":42,"column":7}},"18":{"start":{"line":39,"column":8},"end":{"line":39,"column":26}},"19":{"start":{"line":41,"column":8},"end":{"line":41,"column":40}},"20":{"start":{"line":44,"column":6},"end":{"line":44,"column":38}},"21":{"start":{"line":48,"column":27},"end":{"line":54,"column":3}},"22":{"start":{"line":49,"column":4},"end":{"line":53,"column":5}},"23":{"start":{"line":50,"column":6},"end":{"line":50,"column":41}},"24":{"start":{"line":52,"column":6},"end":{"line":52,"column":30}},"25":{"start":{"line":56,"column":20},"end":{"line":68,"column":3}},"26":{"start":{"line":57,"column":19},"end":{"line":57,"column":21}},"27":{"start":{"line":58,"column":21},"end":{"line":58,"column":27}},"28":{"start":{"line":59,"column":4},"end":{"line":62,"column":5}},"29":{"start":{"line":60,"column":6},"end":{"line":60,"column":21}},"30":{"start":{"line":61,"column":6},"end":{"line":61,"column":36}},"31":{"start":{"line":63,"column":4},"end":{"line":67,"column":5}},"32":{"start":{"line":64,"column":6},"end":{"line":64,"column":75}},"33":{"start":{"line":66,"column":6},"end":{"line":66,"column":21}},"34":{"start":{"line":70,"column":35},"end":{"line":77,"column":3}},"35":{"start":{"line":71,"column":4},"end":{"line":75,"column":5}},"36":{"start":{"line":72,"column":6},"end":{"line":72,"column":45}},"37":{"start":{"line":74,"column":6},"end":{"line":74,"column":32}},"38":{"start":{"line":76,"column":4},"end":{"line":76,"column":19}},"39":{"start":{"line":79,"column":21},"end":{"line":82,"column":3}},"40":{"start":{"line":80,"column":4},"end":{"line":80,"column":31}},"41":{"start":{"line":81,"column":4},"end":{"line":81,"column":49}},"42":{"start":{"line":84,"column":25},"end":{"line":87,"column":3}},"43":{"start":{"line":85,"column":4},"end":{"line":85,"column":31}},"44":{"start":{"line":86,"column":4},"end":{"line":86,"column":53}},"45":{"start":{"line":89,"column":19},"end":{"line":92,"column":3}},"46":{"start":{"line":90,"column":4},"end":{"line":90,"column":31}},"47":{"start":{"line":91,"column":4},"end":{"line":91,"column":47}},"48":{"start":{"line":94,"column":20},"end":{"line":97,"column":3}},"49":{"start":{"line":95,"column":4},"end":{"line":95,"column":31}},"50":{"start":{"line":96,"column":4},"end":{"line":96,"column":48}},"51":{"start":{"line":99,"column":19},"end":{"line":119,"column":3}},"52":{"start":{"line":100,"column":20},"end":{"line":100,"column":34}},"53":{"start":{"line":101,"column":20},"end":{"line":101,"column":42}},"54":{"start":{"line":102,"column":4},"end":{"line":117,"column":5}},"55":{"start":{"line":104,"column":8},"end":{"line":104,"column":42}},"56":{"start":{"line":105,"column":8},"end":{"line":105,"column":14}},"57":{"start":{"line":107,"column":8},"end":{"line":107,"column":42}},"58":{"start":{"line":108,"column":8},"end":{"line":108,"column":14}},"59":{"start":{"line":110,"column":8},"end":{"line":110,"column":42}},"60":{"start":{"line":111,"column":8},"end":{"line":111,"column":14}},"61":{"start":{"line":113,"column":8},"end":{"line":113,"column":42}},"62":{"start":{"line":114,"column":8},"end":{"line":114,"column":14}},"63":{"start":{"line":116,"column":8},"end":{"line":116,"column":14}},"64":{"start":{"line":118,"column":4},"end":{"line":118,"column":27}},"65":{"start":{"line":121,"column":2},"end":{"line":133,"column":4}}},"fnMap":{"0":{"name":"(anonymous_0)","decl":{"start":{"line":10,"column":30},"end":{"line":10,"column":31}},"loc":{"start":{"line":10,"column":36},"end":{"line":134,"column":1}},"line":10},"1":{"name":"(anonymous_1)","decl":{"start":{"line":15,"column":18},"end":{"line":15,"column":19}},"loc":{"start":{"line":15,"column":24},"end":{"line":18,"column":3}},"line":15},"2":{"name":"(anonymous_2)","decl":{"start":{"line":20,"column":22},"end":{"line":20,"column":23}},"loc":{"start":{"line":20,"column":47},"end":{"line":46,"column":3}},"line":20},"3":{"name":"(anonymous_3)","decl":{"start":{"line":48,"column":27},"end":{"line":48,"column":28}},"loc":{"start":{"line":48,"column":33},"end":{"line":54,"column":3}},"line":48},"4":{"name":"(anonymous_4)","decl":{"start":{"line":56,"column":20},"end":{"line":56,"column":21}},"loc":{"start":{"line":56,"column":26},"end":{"line":68,"column":3}},"line":56},"5":{"name":"(anonymous_5)","decl":{"start":{"line":70,"column":35},"end":{"line":70,"column":36}},"loc":{"start":{"line":70,"column":41},"end":{"line":77,"column":3}},"line":70},"6":{"name":"(anonymous_6)","decl":{"start":{"line":79,"column":21},"end":{"line":79,"column":22}},"loc":{"start":{"line":79,"column":27},"end":{"line":82,"column":3}},"line":79},"7":{"name":"(anonymous_7)","decl":{"start":{"line":84,"column":25},"end":{"line":84,"column":26}},"loc":{"start":{"line":84,"column":31},"end":{"line":87,"column":3}},"line":84},"8":{"name":"(anonymous_8)","decl":{"start":{"line":89,"column":19},"end":{"line":89,"column":20}},"loc":{"start":{"line":89,"column":25},"end":{"line":92,"column":3}},"line":89},"9":{"name":"(anonymous_9)","decl":{"start":{"line":94,"column":20},"end":{"line":94,"column":21}},"loc":{"start":{"line":94,"column":26},"end":{"line":97,"column":3}},"line":94},"10":{"name":"(anonymous_10)","decl":{"start":{"line":99,"column":19},"end":{"line":99,"column":20}},"loc":{"start":{"line":99,"column":25},"end":{"line":119,"column":3}},"line":99}},"branchMap":{"0":{"loc":{"start":{"line":21,"column":4},"end":{"line":23,"column":5}},"type":"if","locations":[{"start":{"line":21,"column":4},"end":{"line":23,"column":5}},{"start":{},"end":{}}],"line":21},"1":{"loc":{"start":{"line":21,"column":8},"end":{"line":21,"column":51}},"type":"binary-expr","locations":[{"start":{"line":21,"column":8},"end":{"line":21,"column":28}},{"start":{"line":21,"column":32},"end":{"line":21,"column":51}}],"line":21},"2":{"loc":{"start":{"line":24,"column":4},"end":{"line":45,"column":5}},"type":"if","locations":[{"start":{"line":24,"column":4},"end":{"line":45,"column":5}},{"start":{"line":43,"column":11},"end":{"line":45,"column":5}}],"line":24},"3":{"loc":{"start":{"line":24,"column":8},"end":{"line":24,"column":57}},"type":"binary-expr","locations":[{"start":{"line":24,"column":8},"end":{"line":24,"column":30}},{"start":{"line":24,"column":34},"end":{"line":24,"column":57}}],"line":24},"4":{"loc":{"start":{"line":26,"column":6},"end":{"line":42,"column":7}},"type":"if","locations":[{"start":{"line":26,"column":6},"end":{"line":42,"column":7}},{"start":{"line":30,"column":13},"end":{"line":42,"column":7}}],"line":26},"5":{"loc":{"start":{"line":30,"column":13},"end":{"line":42,"column":7}},"type":"if","locations":[{"start":{"line":30,"column":13},"end":{"line":42,"column":7}},{"start":{"line":34,"column":13},"end":{"line":42,"column":7}}],"line":30},"6":{"loc":{"start":{"line":30,"column":17},"end":{"line":30,"column":60}},"type":"binary-expr","locations":[{"start":{"line":30,"column":17},"end":{"line":30,"column":36}},{"start":{"line":30,"column":40},"end":{"line":30,"column":60}}],"line":30},"7":{"loc":{"start":{"line":34,"column":13},"end":{"line":42,"column":7}},"type":"if","locations":[{"start":{"line":34,"column":13},"end":{"line":42,"column":7}},{"start":{"line":38,"column":13},"end":{"line":42,"column":7}}],"line":34},"8":{"loc":{"start":{"line":34,"column":17},"end":{"line":34,"column":61}},"type":"binary-expr","locations":[{"start":{"line":34,"column":17},"end":{"line":34,"column":36}},{"start":{"line":34,"column":40},"end":{"line":34,"column":61}}],"line":34},"9":{"loc":{"start":{"line":38,"column":13},"end":{"line":42,"column":7}},"type":"if","locations":[{"start":{"line":38,"column":13},"end":{"line":42,"column":7}},{"start":{"line":40,"column":13},"end":{"line":42,"column":7}}],"line":38},"10":{"loc":{"start":{"line":38,"column":17},"end":{"line":38,"column":61}},"type":"binary-expr","locations":[{"start":{"line":38,"column":17},"end":{"line":38,"column":36}},{"start":{"line":38,"column":40},"end":{"line":38,"column":61}}],"line":38},"11":{"loc":{"start":{"line":49,"column":4},"end":{"line":53,"column":5}},"type":"if","locations":[{"start":{"line":49,"column":4},"end":{"line":53,"column":5}},{"start":{"line":51,"column":11},"end":{"line":53,"column":5}}],"line":49},"12":{"loc":{"start":{"line":59,"column":4},"end":{"line":62,"column":5}},"type":"if","locations":[{"start":{"line":59,"column":4},"end":{"line":62,"column":5}},{"start":{},"end":{}}],"line":59},"13":{"loc":{"start":{"line":63,"column":4},"end":{"line":67,"column":5}},"type":"if","locations":[{"start":{"line":63,"column":4},"end":{"line":67,"column":5}},{"start":{"line":65,"column":11},"end":{"line":67,"column":5}}],"line":63},"14":{"loc":{"start":{"line":71,"column":4},"end":{"line":75,"column":5}},"type":"if","locations":[{"start":{"line":71,"column":4},"end":{"line":75,"column":5}},{"start":{"line":73,"column":11},"end":{"line":75,"column":5}}],"line":71},"15":{"loc":{"start":{"line":102,"column":4},"end":{"line":117,"column":5}},"type":"switch","locations":[{"start":{"line":103,"column":6},"end":{"line":105,"column":14}},{"start":{"line":106,"column":6},"end":{"line":108,"column":14}},{"start":{"line":109,"column":6},"end":{"line":111,"column":14}},{"start":{"line":112,"column":6},"end":{"line":114,"column":14}},{"start":{"line":115,"column":6},"end":{"line":116,"column":14}}],"line":102}},"s":{"0":1,"1":1,"2":1,"3":1,"4":1,"5":0,"6":0,"7":1,"8":0,"9":0,"10":0,"11":0,"12":0,"13":0,"14":0,"15":0,"16":0,"17":0,"18":0,"19":0,"20":0,"21":1,"22":0,"23":0,"24":0,"25":1,"26":0,"27":0,"28":0,"29":0,"30":0,"31":0,"32":0,"33":0,"34":1,"35":0,"36":0,"37":0,"38":0,"39":1,"40":0,"41":0,"42":1,"43":0,"44":0,"45":1,"46":0,"47":0,"48":1,"49":0,"50":0,"51":1,"52":0,"53":0,"54":0,"55":0,"56":0,"57":0,"58":0,"59":0,"60":0,"61":0,"62":0,"63":0,"64":0,"65":1},"f":{"0":1,"1":0,"2":0,"3":0,"4":0,"5":0,"6":0,"7":0,"8":0,"9":0,"10":0},"b":{"0":[0,0],"1":[0,0],"2":[0,0],"3":[0,0],"4":[0,0],"5":[0,0],"6":[0,0],"7":[0,0],"8":[0,0],"9":[0,0],"10":[0,0],"11":[0,0],"12":[0,0],"13":[0,0],"14":[0,0],"15":[0,0,0,0,0]},"_coverageSchema":"1a1c01bbd47fc00a2c39e90264f33305004495a9","hash":"fde7c675e28bca1e08e5f123e86268f695712523"}
,"/Users/carolina/Documents/Personal/learning/udemy/reactNative/calculadora/src/screens/CalculadoraScreen.tsx": {"path":"/Users/carolina/Documents/Personal/learning/udemy/reactNative/calculadora/src/screens/CalculadoraScreen.tsx","statementMap":{"0":{"start":{"line":7,"column":33},"end":{"line":67,"column":1}},"1":{"start":{"line":20,"column":6},"end":{"line":20,"column":22}},"2":{"start":{"line":22,"column":2},"end":{"line":66,"column":4}}},"fnMap":{"0":{"name":"(anonymous_0)","decl":{"start":{"line":7,"column":33},"end":{"line":7,"column":34}},"loc":{"start":{"line":7,"column":39},"end":{"line":67,"column":1}},"line":7}},"branchMap":{"0":{"loc":{"start":{"line":24,"column":7},"end":{"line":26,"column":7}},"type":"binary-expr","locations":[{"start":{"line":24,"column":7},"end":{"line":24,"column":29}},{"start":{"line":25,"column":8},"end":{"line":25,"column":70}}],"line":24}},"s":{"0":1,"1":1,"2":1},"f":{"0":1},"b":{"0":[1,0]},"_coverageSchema":"1a1c01bbd47fc00a2c39e90264f33305004495a9","hash":"e45f65b5b9ea79e1a7f23f9cd2803897e873d161"}
,"/Users/carolina/Documents/Personal/learning/udemy/reactNative/calculadora/src/theme/appTheme.tsx": {"path":"/Users/carolina/Documents/Personal/learning/udemy/reactNative/calculadora/src/theme/appTheme.tsx","statementMap":{"0":{"start":{"line":3,"column":22},"end":{"line":45,"column":2}}},"fnMap":{},"branchMap":{},"s":{"0":1},"f":{},"b":{},"_coverageSchema":"1a1c01bbd47fc00a2c39e90264f33305004495a9","hash":"2b56ab49cac53a5a7f2c1b9e0c3b797ffa4036f2"}
}
