TN:
SF:App.tsx
FN:6,(anonymous_0)
FNF:1
FNH:1
FNDA:1,(anonymous_0)
DA:6,1
DA:7,1
LF:2
LH:2
BRF:0
BRH:0
end_of_record
TN:
SF:src/components/BotonCalc.tsx
FN:12,(anonymous_0)
FN:19,(anonymous_1)
FNF:2
FNH:1
FNDA:19,(anonymous_0)
FNDA:0,(anonymous_1)
DA:12,1
DA:18,19
DA:19,0
LF:3
LH:2
BRDA:14,0,0,11
BRDA:15,1,0,18
BRDA:24,2,0,1
BRDA:24,2,1,18
BRDA:29,3,0,3
BRDA:29,3,1,16
BRF:6
BRH:6
end_of_record
TN:
SF:src/hooks/useCalculadora.tsx
FN:10,(anonymous_0)
FN:15,(anonymous_1)
FN:20,(anonymous_2)
FN:48,(anonymous_3)
FN:56,(anonymous_4)
FN:70,(anonymous_5)
FN:79,(anonymous_6)
FN:84,(anonymous_7)
FN:89,(anonymous_8)
FN:94,(anonymous_9)
FN:99,(anonymous_10)
FNF:11
FNH:1
FNDA:1,(anonymous_0)
FNDA:0,(anonymous_1)
FNDA:0,(anonymous_2)
FNDA:0,(anonymous_3)
FNDA:0,(anonymous_4)
FNDA:0,(anonymous_5)
FNDA:0,(anonymous_6)
FNDA:0,(anonymous_7)
FNDA:0,(anonymous_8)
FNDA:0,(anonymous_9)
FNDA:0,(anonymous_10)
DA:10,1
DA:11,1
DA:12,1
DA:13,1
DA:15,1
DA:16,0
DA:17,0
DA:20,1
DA:21,0
DA:22,0
DA:24,0
DA:26,0
DA:27,0
DA:30,0
DA:31,0
DA:34,0
DA:35,0
DA:38,0
DA:39,0
DA:41,0
DA:44,0
DA:48,1
DA:49,0
DA:50,0
DA:52,0
DA:56,1
DA:57,0
DA:58,0
DA:59,0
DA:60,0
DA:61,0
DA:63,0
DA:64,0
DA:66,0
DA:70,1
DA:71,0
DA:72,0
DA:74,0
DA:76,0
DA:79,1
DA:80,0
DA:81,0
DA:84,1
DA:85,0
DA:86,0
DA:89,1
DA:90,0
DA:91,0
DA:94,1
DA:95,0
DA:96,0
DA:99,1
DA:100,0
DA:101,0
DA:102,0
DA:104,0
DA:105,0
DA:107,0
DA:108,0
DA:110,0
DA:111,0
DA:113,0
DA:114,0
DA:116,0
DA:118,0
DA:121,1
LF:66
LH:15
BRDA:21,0,0,0
BRDA:21,0,1,0
BRDA:21,1,0,0
BRDA:21,1,1,0
BRDA:24,2,0,0
BRDA:24,2,1,0
BRDA:24,3,0,0
BRDA:24,3,1,0
BRDA:26,4,0,0
BRDA:26,4,1,0
BRDA:30,5,0,0
BRDA:30,5,1,0
BRDA:30,6,0,0
BRDA:30,6,1,0
BRDA:34,7,0,0
BRDA:34,7,1,0
BRDA:34,8,0,0
BRDA:34,8,1,0
BRDA:38,9,0,0
BRDA:38,9,1,0
BRDA:38,10,0,0
BRDA:38,10,1,0
BRDA:49,11,0,0
BRDA:49,11,1,0
BRDA:59,12,0,0
BRDA:59,12,1,0
BRDA:63,13,0,0
BRDA:63,13,1,0
BRDA:71,14,0,0
BRDA:71,14,1,0
BRDA:102,15,0,0
BRDA:102,15,1,0
BRDA:102,15,2,0
BRDA:102,15,3,0
BRDA:102,15,4,0
BRF:35
BRH:0
end_of_record
TN:
SF:src/screens/CalculadoraScreen.tsx
FN:7,(anonymous_0)
FNF:1
FNH:1
FNDA:1,(anonymous_0)
DA:7,1
DA:20,1
DA:22,1
LF:3
LH:3
BRDA:24,0,0,1
BRDA:24,0,1,0
BRF:2
BRH:1
end_of_record
TN:
SF:src/theme/appTheme.tsx
FNF:0
FNH:0
DA:3,1
LF:1
LH:1
BRF:0
BRH:0
end_of_record
